<?xml version="1.0" encoding="UTF-8"?>
<!-- Generated by org.testng.reporters.JUnitReportReporter -->
<testsuite hostname="DESKTOP-M2I8052" failures="0" tests="1" name="dataDrivenFrameWork.CorrectUserName" time="6.702" errors="0" timestamp="2021-10-25T17:00:47 IST" skipped="0">
  <testcase classname="dataDrivenFrameWork.CorrectUserName" name="loginWithCorrectUsername" time="6.702"/>
  <system-out/>
</testsuite> <!-- dataDrivenFrameWork.CorrectUserName -->
