<?xml version="1.0" encoding="UTF-8"?>
<!-- Generated by org.testng.reporters.JUnitReportReporter -->
<testsuite hostname="DESKTOP-M2I8052" failures="0" tests="1" name="dataDrivenFrameWork.BothInCorrect" time="6.564" errors="0" timestamp="2021-10-25T17:00:47 IST" skipped="0">
  <testcase classname="dataDrivenFrameWork.BothInCorrect" name="loginWithBothInCorrect" time="6.564"/>
  <system-out/>
</testsuite> <!-- dataDrivenFrameWork.BothInCorrect -->
