<?xml version="1.0" encoding="UTF-8"?>
<!-- Generated by org.testng.reporters.JUnitReportReporter -->
<testsuite hostname="DESKTOP-M2I8052" failures="0" tests="1" name="dataDrivenFrameWork.CorrectPassword" time="6.392" errors="0" timestamp="2021-10-25T17:00:47 IST" skipped="0">
  <testcase classname="dataDrivenFrameWork.CorrectPassword" name="loginWithCorrectPassword" time="6.392"/>
  <system-out/>
</testsuite> <!-- dataDrivenFrameWork.CorrectPassword -->
