<?xml version="1.0" encoding="UTF-8"?>
<!-- Generated by org.testng.reporters.JUnitReportReporter -->
<testsuite hostname="DESKTOP-M2I8052" failures="0" tests="4" name="dataDrivenFrameWork.BothCorrect" time="29.527" errors="0" timestamp="2021-10-25T17:42:19 IST" skipped="0">
  <testcase classname="dataDrivenFrameWork.BothCorrect" name="loginWithBothCorrect" time="8.456"/>
  <system-out/>
  <testcase classname="dataDrivenFrameWork.BothCorrect" name="loginWithBothCorrect" time="6.885"/>
  <system-out/>
  <testcase classname="dataDrivenFrameWork.BothCorrect" name="loginWithBothCorrect" time="7.224"/>
  <system-out/>
  <testcase classname="dataDrivenFrameWork.BothCorrect" name="loginWithBothCorrect" time="6.962"/>
  <system-out/>
</testsuite> <!-- dataDrivenFrameWork.BothCorrect -->
